<?xml version="1.0" encoding="UTF-8"?>
<robot generator="Robot 7.0 (Python 3.11.4 on win32)" generated="2024-11-20T20:06:54.378533" rpa="false" schemaversion="5">
<suite id="s1" name="QA cases" source="C:\Users\newak\OneDrive\Рабочий стол\Bonzik\QA_cases">
<suite id="s1-s1" name="Robot Web" source="C:\Users\newak\OneDrive\Рабочий стол\Bonzik\QA_cases\robot_web">
<suite id="s1-s1-s1" name="Tests" source="C:\Users\newak\OneDrive\Рабочий стол\Bonzik\QA_cases\robot_web\tests">
<suite id="s1-s1-s1-s1" name="Ru.Wikipedia.Org" source="C:\Users\newak\OneDrive\Рабочий стол\Bonzik\QA_cases\robot_web\tests\ru.wikipedia.org">
<suite id="s1-s1-s1-s1-s1" name="Wikipedia standard login" source="C:\Users\newak\OneDrive\Рабочий стол\Bonzik\QA_cases\robot_web\tests\ru.wikipedia.org\Wikipedia_standard_login.robot">
<test id="s1-s1-s1-s1-s1-t1" name="Standard login Wikipedia" line="13">
<kw name="Precondition: Open Browser And Maximize" owner="web" type="SETUP">
<kw name="Open Browser" owner="SeleniumLibrary">
<msg time="2024-11-20T20:06:54.531473" level="INFO">Opening browser 'chrome' to base url 'https://ru.wikipedia.org/w/index.php?title=%D0%A1%D0%BB%D1%83%D0%B6%D0%B5%D0%B1%D0%BD%D0%B0%D1%8F:%D0%92%D1%85%D0%BE%D0%B4&amp;returnto=%D0%97%D0%B0%D0%B3%D0%BB%D0%B0%D0%B2%D0%BD%D0%B0%D1%8F+%D1%81%D1%82%D1%80%D0%B0%D0%BD%D0%B8%D1%86%D0%B0'.</msg>
<arg>url=${site_url}</arg>
<arg>browser=${browser}</arg>
<doc>Opens a new browser instance to the optional ``url``.</doc>
<status status="PASS" start="2024-11-20T20:06:54.530161" elapsed="2.338766"/>
</kw>
<kw name="Maximize Browser Window" owner="SeleniumLibrary">
<doc>Maximizes current browser window.</doc>
<status status="PASS" start="2024-11-20T20:06:56.868927" elapsed="0.040255"/>
</kw>
<arg>site_url=https://ru.wikipedia.org/w/index.php?title=%D0%A1%D0%BB%D1%83%D0%B6%D0%B5%D0%B1%D0%BD%D0%B0%D1%8F:%D0%92%D1%85%D0%BE%D0%B4&amp;returnto=%D0%97%D0%B0%D0%B3%D0%BB%D0%B0%D0%B2%D0%BD%D0%B0%D1%8F+%D1%81%D1%82%D1%80%D0%B0%D0%BD%D0%B8%D1%86%D0%B0</arg>
<arg>browser=chrome</arg>
<doc>Предусловие: Открываем сайт (arg1 - site_url) в Браузере
(arg2 - browser) и расширяем окно на весь экран</doc>
<status status="PASS" start="2024-11-20T20:06:54.530161" elapsed="2.379021"/>
</kw>
<kw name="Wait Until Element Is Visible" owner="SeleniumLibrary">
<arg>locator=${LOGIN_FIELD}</arg>
<doc>Waits until the element ``locator`` is visible.</doc>
<status status="PASS" start="2024-11-20T20:06:56.909182" elapsed="0.021044"/>
</kw>
<kw name="Clear Element Text" owner="SeleniumLibrary">
<arg>locator=${LOGIN_FIELD}</arg>
<doc>Clears the value of the text-input-element identified by ``locator``.</doc>
<status status="PASS" start="2024-11-20T20:06:56.930226" elapsed="0.029105"/>
</kw>
<kw name="Clear Element Text" owner="SeleniumLibrary">
<arg>locator=${PASSWORD_FIELD}</arg>
<doc>Clears the value of the text-input-element identified by ``locator``.</doc>
<status status="PASS" start="2024-11-20T20:06:56.960331" elapsed="0.023231"/>
</kw>
<kw name="Input Text" owner="SeleniumLibrary">
<msg time="2024-11-20T20:06:56.984564" level="INFO">Typing text 'Bonzik1999' into text field '//input[@id='wpName1']'.</msg>
<arg>locator=${LOGIN_FIELD}</arg>
<arg>text=%{VALID_LOGIN}</arg>
<doc>Types the given ``text`` into the text field identified by ``locator``.</doc>
<status status="PASS" start="2024-11-20T20:06:56.984564" elapsed="0.057400"/>
</kw>
<kw name="Input Password" owner="SeleniumLibrary">
<msg time="2024-11-20T20:06:57.042964" level="INFO">Typing password into text field '//input[@id='wpPassword1']'.</msg>
<msg time="2024-11-20T20:06:57.064620" level="INFO">Temporally setting log level to: NONE</msg>
<arg>locator=${PASSWORD_FIELD}</arg>
<arg>password=%{VALID_PASSWORD}</arg>
<doc>Types the given password into the text field identified by ``locator``.</doc>
<status status="PASS" start="2024-11-20T20:06:57.041964" elapsed="0.069278"/>
</kw>
<kw name="Click Button" owner="SeleniumLibrary">
<msg time="2024-11-20T20:06:57.112240" level="INFO">Clicking button '//button[@id='wpLoginAttempt']'.</msg>
<arg>locator=${LOGIN_ATTEMPT_BTN}</arg>
<doc>Clicks the button identified by ``locator``.</doc>
<status status="PASS" start="2024-11-20T20:06:57.111242" elapsed="0.790415"/>
</kw>
<kw name="Wait Until Element Is Visible" owner="SeleniumLibrary">
<msg time="2024-11-20T20:07:03.147696" level="INFO" html="true">&lt;/td&gt;&lt;/tr&gt;&lt;tr&gt;&lt;td colspan="3"&gt;&lt;a href="selenium-screenshot-12.png"&gt;&lt;img src="selenium-screenshot-12.png" width="800px"&gt;&lt;/a&gt;</msg>
<msg time="2024-11-20T20:07:03.147696" level="FAIL">Element 'css:li#pt-logout' not visible after 5 seconds.</msg>
<arg>locator=${LOGOUT_CSS}</arg>
<doc>Waits until the element ``locator`` is visible.</doc>
<status status="FAIL" start="2024-11-20T20:06:57.902722" elapsed="5.247804">Element 'css:li#pt-logout' not visible after 5 seconds.</status>
</kw>
<doc>Стандартная авторизация с валидными логином и паролем</doc>
<timeout value="1 minute"/>
<status status="FAIL" start="2024-11-20T20:06:54.528978" elapsed="8.621548">Element 'css:li#pt-logout' not visible after 5 seconds.</status>
</test>
<doc>Переходим на сайт википедии, переходим на избранную статью, меняем язык на англ, меняем тему на тёмную</doc>
<status status="FAIL" start="2024-11-20T20:06:54.401739" elapsed="8.749804"/>
</suite>
<status status="FAIL" start="2024-11-20T20:06:54.399425" elapsed="8.754301"/>
</suite>
<status status="FAIL" start="2024-11-20T20:06:54.397698" elapsed="8.757292"/>
</suite>
<status status="FAIL" start="2024-11-20T20:06:54.395545" elapsed="8.760702"/>
</suite>
<status status="FAIL" start="2024-11-20T20:06:54.381536" elapsed="8.776087"/>
</suite>
<statistics>
<total>
<stat pass="0" fail="1" skip="0">All Tests</stat>
</total>
<tag>
</tag>
<suite>
<stat pass="0" fail="1" skip="0" id="s1" name="QA cases">QA cases</stat>
<stat pass="0" fail="1" skip="0" id="s1-s1" name="Robot Web">QA cases.Robot Web</stat>
<stat pass="0" fail="1" skip="0" id="s1-s1-s1" name="Tests">QA cases.Robot Web.Tests</stat>
<stat pass="0" fail="1" skip="0" id="s1-s1-s1-s1" name="Ru.Wikipedia.Org">QA cases.Robot Web.Tests.Ru.Wikipedia.Org</stat>
<stat pass="0" fail="1" skip="0" id="s1-s1-s1-s1-s1" name="Wikipedia standard login">QA cases.Robot Web.Tests.Ru.Wikipedia.Org.Wikipedia standard login</stat>
</suite>
</statistics>
<errors>
</errors>
</robot>
