<?xml version="1.0" encoding="UTF-8"?>
<robot generator="Robot 7.0 (Python 3.11.4 on win32)" generated="2024-11-18T07:14:54.951850" rpa="false" schemaversion="5">
<suite id="s1" name="QA cases" source="C:\Users\newak\OneDrive\Рабочий стол\Bonzik\QA_cases">
<suite id="s1-s1" name="Robot Web" source="C:\Users\newak\OneDrive\Рабочий стол\Bonzik\QA_cases\robot_web">
<suite id="s1-s1-s1" name="Open yandex page" source="C:\Users\newak\OneDrive\Рабочий стол\Bonzik\QA_cases\robot_web\Open_yandex_page.robot">
<test id="s1-s1-s1-t1" name="First Test" line="6">
<kw name="Open Browser" owner="SeleniumLibrary">
<msg time="2024-11-18T07:14:55.119652" level="INFO">Opening browser 'edge' to base url 'https://ya.ru/'.</msg>
<arg>url=https://ya.ru/</arg>
<arg>browser=edge</arg>
<doc>Opens a new browser instance to the optional ``url``.</doc>
<status status="PASS" start="2024-11-18T07:14:55.118646" elapsed="2.487247"/>
</kw>
<kw name="Sleep" owner="BuiltIn">
<msg time="2024-11-18T07:15:02.607189" level="INFO">Slept 5 seconds.</msg>
<arg>time_=5s</arg>
<doc>Pauses the test executed for the given time.</doc>
<status status="PASS" start="2024-11-18T07:14:57.605893" elapsed="5.001296"/>
</kw>
<kw name="Close Browser" owner="SeleniumLibrary">
<doc>Closes the current browser.</doc>
<status status="PASS" start="2024-11-18T07:15:02.608193" elapsed="2.145147"/>
</kw>
<status status="PASS" start="2024-11-18T07:14:55.117630" elapsed="9.635710"/>
</test>
<status status="PASS" start="2024-11-18T07:14:54.973377" elapsed="9.781965"/>
</suite>
<status status="PASS" start="2024-11-18T07:14:54.971368" elapsed="9.786208"/>
</suite>
<status status="PASS" start="2024-11-18T07:14:54.954850" elapsed="9.802726"/>
</suite>
<statistics>
<total>
<stat pass="1" fail="0" skip="0">All Tests</stat>
</total>
<tag>
</tag>
<suite>
<stat pass="1" fail="0" skip="0" id="s1" name="QA cases">QA cases</stat>
<stat pass="1" fail="0" skip="0" id="s1-s1" name="Robot Web">QA cases.Robot Web</stat>
<stat pass="1" fail="0" skip="0" id="s1-s1-s1" name="Open yandex page">QA cases.Robot Web.Open yandex page</stat>
</suite>
</statistics>
<errors>
</errors>
</robot>
