<?xml version="1.0" encoding="UTF-8"?>
<robot generator="Robot 7.0 (Python 3.11.4 on win32)" generated="2024-11-20T19:43:19.289932" rpa="false" schemaversion="5">
<suite id="s1" name="QA cases" source="C:\Users\newak\OneDrive\Рабочий стол\Bonzik\QA_cases">
<suite id="s1-s1" name="Robot Web" source="C:\Users\newak\OneDrive\Рабочий стол\Bonzik\QA_cases\robot_web">
<suite id="s1-s1-s1" name="Tests" source="C:\Users\newak\OneDrive\Рабочий стол\Bonzik\QA_cases\robot_web\tests">
<suite id="s1-s1-s1-s1" name="Ru.Wikipedia.Org" source="C:\Users\newak\OneDrive\Рабочий стол\Bonzik\QA_cases\robot_web\tests\ru.wikipedia.org">
<suite id="s1-s1-s1-s1-s1" name="Data driven invalid login" source="C:\Users\newak\OneDrive\Рабочий стол\Bonzik\QA_cases\robot_web\tests\ru.wikipedia.org\Data_driven_invalid_login.robot">
<test id="s1-s1-s1-s1-s1-t1" name="Data Driven Invalid Login" line="17">
<kw name="Precondition: Open Browser And Maximize" owner="web" type="SETUP">
<kw name="Open Browser" owner="SeleniumLibrary">
<msg time="2024-11-20T19:43:19.460790" level="INFO">Opening browser 'chrome' to base url 'https://ru.wikipedia.org/w/index.php?title=%D0%A1%D0%BB%D1%83%D0%B6%D0%B5%D0%B1%D0%BD%D0%B0%D1%8F:%D0%92%D1%85%D0%BE%D0%B4&amp;returnto=%D0%97%D0%B0%D0%B3%D0%BB%D0%B0%D0%B2%D0%BD%D0%B0%D1%8F+%D1%81%D1%82%D1%80%D0%B0%D0%BD%D0%B8%D1%86%D0%B0'.</msg>
<arg>url=${site_url}</arg>
<arg>browser=${browser}</arg>
<doc>Opens a new browser instance to the optional ``url``.</doc>
<status status="PASS" start="2024-11-20T19:43:19.459784" elapsed="2.899319"/>
</kw>
<kw name="Maximize Browser Window" owner="SeleniumLibrary">
<doc>Maximizes current browser window.</doc>
<status status="PASS" start="2024-11-20T19:43:22.359103" elapsed="0.035310"/>
</kw>
<arg>site_url=https://ru.wikipedia.org/w/index.php?title=%D0%A1%D0%BB%D1%83%D0%B6%D0%B5%D0%B1%D0%BD%D0%B0%D1%8F:%D0%92%D1%85%D0%BE%D0%B4&amp;returnto=%D0%97%D0%B0%D0%B3%D0%BB%D0%B0%D0%B2%D0%BD%D0%B0%D1%8F+%D1%81%D1%82%D1%80%D0%B0%D0%BD%D0%B8%D1%86%D0%B0</arg>
<arg>browser=chrome</arg>
<doc>Предусловие: Открываем сайт (arg1 - site_url) в Браузере
(arg2 - browser) и расширяем окно на весь экран</doc>
<status status="PASS" start="2024-11-20T19:43:19.458758" elapsed="2.935655"/>
</kw>
<kw name="Invalid login Wikipedia">
<kw name="Wait Until Element Is Visible" owner="SeleniumLibrary">
<arg>locator=${LOGIN_FIELD}</arg>
<doc>Waits until the element ``locator`` is visible.</doc>
<status status="PASS" start="2024-11-20T19:43:22.395412" elapsed="0.031863"/>
</kw>
<kw name="Clear Element Text" owner="SeleniumLibrary">
<arg>locator=${LOGIN_FIELD}</arg>
<doc>Clears the value of the text-input-element identified by ``locator``.</doc>
<status status="PASS" start="2024-11-20T19:43:22.428278" elapsed="0.041261"/>
</kw>
<kw name="Clear Element Text" owner="SeleniumLibrary">
<arg>locator=${PASSWORD_FIELD}</arg>
<doc>Clears the value of the text-input-element identified by ``locator``.</doc>
<status status="PASS" start="2024-11-20T19:43:22.469539" elapsed="0.024943"/>
</kw>
<kw name="Input Text" owner="SeleniumLibrary">
<msg time="2024-11-20T19:43:22.495479" level="INFO">Typing text 'Bonzik1999' into text field '//input[@id='wpName1']'.</msg>
<arg>locator=${LOGIN_FIELD}</arg>
<arg>text=${login}</arg>
<doc>Types the given ``text`` into the text field identified by ``locator``.</doc>
<status status="PASS" start="2024-11-20T19:43:22.494482" elapsed="0.062335"/>
</kw>
<kw name="Input Password" owner="SeleniumLibrary">
<msg time="2024-11-20T19:43:22.557819" level="INFO">Typing password into text field '//input[@id='wpPassword1']'.</msg>
<msg time="2024-11-20T19:43:22.578374" level="INFO">Temporally setting log level to: NONE</msg>
<arg>locator=${PASSWORD_FIELD}</arg>
<arg>password=${password}</arg>
<doc>Types the given password into the text field identified by ``locator``.</doc>
<status status="PASS" start="2024-11-20T19:43:22.557819" elapsed="0.087848"/>
</kw>
<kw name="Click Button" owner="SeleniumLibrary">
<msg time="2024-11-20T19:43:22.646669" level="INFO">Clicking button '//button[@id='wpLoginAttempt']'.</msg>
<arg>locator=${LOGIN_ATTEMPT_BTN}</arg>
<doc>Clicks the button identified by ``locator``.</doc>
<status status="PASS" start="2024-11-20T19:43:22.645667" elapsed="0.980395"/>
</kw>
<kw name="Wait Until Element Is Visible" owner="SeleniumLibrary">
<arg>locator=${LOGIN_ERROR_TEXT}</arg>
<doc>Waits until the element ``locator`` is visible.</doc>
<status status="PASS" start="2024-11-20T19:43:23.627276" elapsed="0.025722"/>
</kw>
<arg>${VALID_LOGIN}</arg>
<arg>invalid_password</arg>
<doc>Стандартная авторизация с валидными логином и паролем</doc>
<status status="PASS" start="2024-11-20T19:43:22.394413" elapsed="1.258585"/>
</kw>
<kw name="Invalid login Wikipedia">
<kw name="Wait Until Element Is Visible" owner="SeleniumLibrary">
<arg>locator=${LOGIN_FIELD}</arg>
<doc>Waits until the element ``locator`` is visible.</doc>
<status status="PASS" start="2024-11-20T19:43:23.653996" elapsed="0.015528"/>
</kw>
<kw name="Clear Element Text" owner="SeleniumLibrary">
<arg>locator=${LOGIN_FIELD}</arg>
<doc>Clears the value of the text-input-element identified by ``locator``.</doc>
<status status="PASS" start="2024-11-20T19:43:23.670522" elapsed="0.041187"/>
</kw>
<kw name="Clear Element Text" owner="SeleniumLibrary">
<arg>locator=${PASSWORD_FIELD}</arg>
<doc>Clears the value of the text-input-element identified by ``locator``.</doc>
<status status="PASS" start="2024-11-20T19:43:23.711709" elapsed="0.038579"/>
</kw>
<kw name="Input Text" owner="SeleniumLibrary">
<msg time="2024-11-20T19:43:23.751322" level="INFO">Typing text 'invalid_login' into text field '//input[@id='wpName1']'.</msg>
<arg>locator=${LOGIN_FIELD}</arg>
<arg>text=${login}</arg>
<doc>Types the given ``text`` into the text field identified by ``locator``.</doc>
<status status="PASS" start="2024-11-20T19:43:23.750288" elapsed="0.169168"/>
</kw>
<kw name="Input Password" owner="SeleniumLibrary">
<msg time="2024-11-20T19:43:23.922502" level="INFO">Typing password into text field '//input[@id='wpPassword1']'.</msg>
<msg time="2024-11-20T19:43:23.961553" level="INFO">Temporally setting log level to: NONE</msg>
<arg>locator=${PASSWORD_FIELD}</arg>
<arg>password=${password}</arg>
<doc>Types the given password into the text field identified by ``locator``.</doc>
<status status="PASS" start="2024-11-20T19:43:23.920458" elapsed="0.111779"/>
</kw>
<kw name="Click Button" owner="SeleniumLibrary">
<msg time="2024-11-20T19:43:24.034234" level="INFO">Clicking button '//button[@id='wpLoginAttempt']'.</msg>
<arg>locator=${LOGIN_ATTEMPT_BTN}</arg>
<doc>Clicks the button identified by ``locator``.</doc>
<status status="PASS" start="2024-11-20T19:43:24.033232" elapsed="1.183350"/>
</kw>
<kw name="Wait Until Element Is Visible" owner="SeleniumLibrary">
<arg>locator=${LOGIN_ERROR_TEXT}</arg>
<doc>Waits until the element ``locator`` is visible.</doc>
<status status="PASS" start="2024-11-20T19:43:25.217674" elapsed="0.016493"/>
</kw>
<arg>invalid_login</arg>
<arg>${VALID_PASSWORD}</arg>
<doc>Стандартная авторизация с валидными логином и паролем</doc>
<status status="PASS" start="2024-11-20T19:43:23.652998" elapsed="1.581169"/>
</kw>
<kw name="Invalid login Wikipedia">
<kw name="Wait Until Element Is Visible" owner="SeleniumLibrary">
<arg>locator=${LOGIN_FIELD}</arg>
<doc>Waits until the element ``locator`` is visible.</doc>
<status status="PASS" start="2024-11-20T19:43:25.235163" elapsed="0.009005"/>
</kw>
<kw name="Clear Element Text" owner="SeleniumLibrary">
<arg>locator=${LOGIN_FIELD}</arg>
<doc>Clears the value of the text-input-element identified by ``locator``.</doc>
<status status="PASS" start="2024-11-20T19:43:25.245168" elapsed="0.026101"/>
</kw>
<kw name="Clear Element Text" owner="SeleniumLibrary">
<arg>locator=${PASSWORD_FIELD}</arg>
<doc>Clears the value of the text-input-element identified by ``locator``.</doc>
<status status="PASS" start="2024-11-20T19:43:25.271269" elapsed="0.041205"/>
</kw>
<kw name="Input Text" owner="SeleniumLibrary">
<msg time="2024-11-20T19:43:25.313485" level="INFO">Typing text 'invalid_login' into text field '//input[@id='wpName1']'.</msg>
<arg>locator=${LOGIN_FIELD}</arg>
<arg>text=${login}</arg>
<doc>Types the given ``text`` into the text field identified by ``locator``.</doc>
<status status="PASS" start="2024-11-20T19:43:25.313485" elapsed="0.073369"/>
</kw>
<kw name="Input Password" owner="SeleniumLibrary">
<msg time="2024-11-20T19:43:25.387854" level="INFO">Typing password into text field '//input[@id='wpPassword1']'.</msg>
<msg time="2024-11-20T19:43:25.411638" level="INFO">Temporally setting log level to: NONE</msg>
<arg>locator=${PASSWORD_FIELD}</arg>
<arg>password=${password}</arg>
<doc>Types the given password into the text field identified by ``locator``.</doc>
<status status="PASS" start="2024-11-20T19:43:25.386854" elapsed="0.080468"/>
</kw>
<kw name="Click Button" owner="SeleniumLibrary">
<msg time="2024-11-20T19:43:25.468320" level="INFO">Clicking button '//button[@id='wpLoginAttempt']'.</msg>
<arg>locator=${LOGIN_ATTEMPT_BTN}</arg>
<doc>Clicks the button identified by ``locator``.</doc>
<status status="PASS" start="2024-11-20T19:43:25.467322" elapsed="1.202351"/>
</kw>
<kw name="Wait Until Element Is Visible" owner="SeleniumLibrary">
<arg>locator=${LOGIN_ERROR_TEXT}</arg>
<doc>Waits until the element ``locator`` is visible.</doc>
<status status="PASS" start="2024-11-20T19:43:26.669673" elapsed="0.018954"/>
</kw>
<arg>invalid_login</arg>
<arg>invalid_password</arg>
<doc>Стандартная авторизация с валидными логином и паролем</doc>
<status status="PASS" start="2024-11-20T19:43:25.235163" elapsed="1.453464"/>
</kw>
<kw name="Postcondition: Close Browser" owner="web" type="TEARDOWN">
<kw name="Sleep" owner="BuiltIn">
<msg time="2024-11-20T19:43:31.689930" level="INFO">Slept 5 seconds.</msg>
<arg>time_=${secs_of_sleep}</arg>
<doc>Pauses the test executed for the given time.</doc>
<status status="PASS" start="2024-11-20T19:43:26.689626" elapsed="5.000304"/>
</kw>
<kw name="Close Browser" owner="SeleniumLibrary">
<doc>Closes the current browser.</doc>
<status status="PASS" start="2024-11-20T19:43:31.689930" elapsed="2.111189"/>
</kw>
<arg>secs_of_sleep=5</arg>
<doc>Закрываем браузер через (arg - secs_of_sleep) секунд после успешного теста</doc>
<status status="PASS" start="2024-11-20T19:43:26.688627" elapsed="7.112492"/>
</kw>
<doc>Дата дривен авторизация с невалидными данными</doc>
<timeout value="1 minute"/>
<status status="PASS" start="2024-11-20T19:43:19.457758" elapsed="14.343361"/>
</test>
<doc>Переходим на сайт википедии, переходим на избранную статью, меняем язык на англ, меняем тему на тёмную</doc>
<status status="PASS" start="2024-11-20T19:43:19.315492" elapsed="14.487626"/>
</suite>
<status status="PASS" start="2024-11-20T19:43:19.312487" elapsed="14.491651"/>
</suite>
<status status="PASS" start="2024-11-20T19:43:19.310770" elapsed="14.494636"/>
</suite>
<status status="PASS" start="2024-11-20T19:43:19.309390" elapsed="14.497104"/>
</suite>
<status status="PASS" start="2024-11-20T19:43:19.293472" elapsed="14.514211"/>
</suite>
<statistics>
<total>
<stat pass="1" fail="0" skip="0">All Tests</stat>
</total>
<tag>
</tag>
<suite>
<stat pass="1" fail="0" skip="0" id="s1" name="QA cases">QA cases</stat>
<stat pass="1" fail="0" skip="0" id="s1-s1" name="Robot Web">QA cases.Robot Web</stat>
<stat pass="1" fail="0" skip="0" id="s1-s1-s1" name="Tests">QA cases.Robot Web.Tests</stat>
<stat pass="1" fail="0" skip="0" id="s1-s1-s1-s1" name="Ru.Wikipedia.Org">QA cases.Robot Web.Tests.Ru.Wikipedia.Org</stat>
<stat pass="1" fail="0" skip="0" id="s1-s1-s1-s1-s1" name="Data driven invalid login">QA cases.Robot Web.Tests.Ru.Wikipedia.Org.Data driven invalid login</stat>
</suite>
</statistics>
<errors>
</errors>
</robot>
